[0.621s] Invoking command in '/home/mjdolan03/pure_pursuit_ws/src/pure_pursuit_pkg': PYTHONPATH=/home/mjdolan03/pure_pursuit_ws/build/pure_pursuit_pkg/prefix_override:/usr/lib/python3/dist-packages/colcon_core/task/python/colcon_distutils_commands:/home/mjdolan03/pure_pursuit_ws/install/pure_pursuit_pkg/lib/python3.8/site-packages:${PYTHONPATH} /usr/bin/python3 -W ignore:setup.py install is deprecated setup.py egg_info --egg-base ../../build/pure_pursuit_pkg build --build-base /home/mjdolan03/pure_pursuit_ws/build/pure_pursuit_pkg/build install --record /home/mjdolan03/pure_pursuit_ws/build/pure_pursuit_pkg/install.log --install-scripts $base/lib/pure_pursuit_pkg --single-version-externally-managed install_data
[0.815s] running egg_info
[0.817s] writing ../../build/pure_pursuit_pkg/pure_pursuit_pkg.egg-info/PKG-INFO
[0.819s] writing dependency_links to ../../build/pure_pursuit_pkg/pure_pursuit_pkg.egg-info/dependency_links.txt
[0.821s] writing entry points to ../../build/pure_pursuit_pkg/pure_pursuit_pkg.egg-info/entry_points.txt
[0.822s] writing requirements to ../../build/pure_pursuit_pkg/pure_pursuit_pkg.egg-info/requires.txt
[0.823s] writing top-level names to ../../build/pure_pursuit_pkg/pure_pursuit_pkg.egg-info/top_level.txt
[0.857s] reading manifest file '../../build/pure_pursuit_pkg/pure_pursuit_pkg.egg-info/SOURCES.txt'
[0.859s] writing manifest file '../../build/pure_pursuit_pkg/pure_pursuit_pkg.egg-info/SOURCES.txt'
[0.860s] running build
[0.860s] running build_py
[0.861s] running install
[0.863s] running install_lib
[0.864s] running install_data
[0.865s] running install_egg_info
[0.868s] removing '/home/mjdolan03/pure_pursuit_ws/install/pure_pursuit_pkg/lib/python3.8/site-packages/pure_pursuit_pkg-0.0.0-py3.8.egg-info' (and everything under it)
[0.869s] Copying ../../build/pure_pursuit_pkg/pure_pursuit_pkg.egg-info to /home/mjdolan03/pure_pursuit_ws/install/pure_pursuit_pkg/lib/python3.8/site-packages/pure_pursuit_pkg-0.0.0-py3.8.egg-info
[0.870s] running install_scripts
[0.888s] Installing pure_pursuit script to /home/mjdolan03/pure_pursuit_ws/install/pure_pursuit_pkg/lib/pure_pursuit_pkg
[0.890s] writing list of installed files to '/home/mjdolan03/pure_pursuit_ws/build/pure_pursuit_pkg/install.log'
[0.916s] Invoked command in '/home/mjdolan03/pure_pursuit_ws/src/pure_pursuit_pkg' returned '0': PYTHONPATH=/home/mjdolan03/pure_pursuit_ws/build/pure_pursuit_pkg/prefix_override:/usr/lib/python3/dist-packages/colcon_core/task/python/colcon_distutils_commands:/home/mjdolan03/pure_pursuit_ws/install/pure_pursuit_pkg/lib/python3.8/site-packages:${PYTHONPATH} /usr/bin/python3 -W ignore:setup.py install is deprecated setup.py egg_info --egg-base ../../build/pure_pursuit_pkg build --build-base /home/mjdolan03/pure_pursuit_ws/build/pure_pursuit_pkg/build install --record /home/mjdolan03/pure_pursuit_ws/build/pure_pursuit_pkg/install.log --install-scripts $base/lib/pure_pursuit_pkg --single-version-externally-managed install_data
