[0.720s] Invoking command in '/home/mjdolan03/pure_pursuit_ws/src/pure_pursuit_pkg': PYTHONPATH=/home/mjdolan03/pure_pursuit_ws/build/pure_pursuit_pkg/prefix_override:/usr/lib/python3/dist-packages/colcon_core/task/python/colcon_distutils_commands:/home/mjdolan03/pure_pursuit_ws/install/pure_pursuit_pkg/lib/python3.8/site-packages:${PYTHONPATH} /usr/bin/python3 -W ignore:setup.py install is deprecated setup.py egg_info --egg-base ../../build/pure_pursuit_pkg build --build-base /home/mjdolan03/pure_pursuit_ws/build/pure_pursuit_pkg/build install --record /home/mjdolan03/pure_pursuit_ws/build/pure_pursuit_pkg/install.log --install-scripts $base/lib/pure_pursuit_pkg --single-version-externally-managed install_data
[0.917s] running egg_info
[0.917s] writing ../../build/pure_pursuit_pkg/pure_pursuit_pkg.egg-info/PKG-INFO
[0.918s] writing dependency_links to ../../build/pure_pursuit_pkg/pure_pursuit_pkg.egg-info/dependency_links.txt
[0.919s] writing entry points to ../../build/pure_pursuit_pkg/pure_pursuit_pkg.egg-info/entry_points.txt
[0.919s] writing requirements to ../../build/pure_pursuit_pkg/pure_pursuit_pkg.egg-info/requires.txt
[0.920s] writing top-level names to ../../build/pure_pursuit_pkg/pure_pursuit_pkg.egg-info/top_level.txt
[0.951s] reading manifest file '../../build/pure_pursuit_pkg/pure_pursuit_pkg.egg-info/SOURCES.txt'
[0.952s] writing manifest file '../../build/pure_pursuit_pkg/pure_pursuit_pkg.egg-info/SOURCES.txt'
[0.952s] running build
[0.952s] running build_py
[0.953s] copying pure_pursuit_pkg/pure_pursuit.py -> /home/mjdolan03/pure_pursuit_ws/build/pure_pursuit_pkg/build/lib/pure_pursuit_pkg
[0.953s] running install
[0.953s] running install_lib
[0.954s] copying /home/mjdolan03/pure_pursuit_ws/build/pure_pursuit_pkg/build/lib/pure_pursuit_pkg/pure_pursuit.py -> /home/mjdolan03/pure_pursuit_ws/install/pure_pursuit_pkg/lib/python3.8/site-packages/pure_pursuit_pkg
[0.955s] byte-compiling /home/mjdolan03/pure_pursuit_ws/install/pure_pursuit_pkg/lib/python3.8/site-packages/pure_pursuit_pkg/pure_pursuit.py to pure_pursuit.cpython-38.pyc
[0.956s] Sorry: IndentationError: expected an indented block (pure_pursuit.py, line 57)
[0.956s] running install_data
[0.956s] copying package.xml -> /home/mjdolan03/pure_pursuit_ws/install/pure_pursuit_pkg/share/pure_pursuit_pkg
[0.956s] running install_egg_info
[0.958s] removing '/home/mjdolan03/pure_pursuit_ws/install/pure_pursuit_pkg/lib/python3.8/site-packages/pure_pursuit_pkg-0.0.0-py3.8.egg-info' (and everything under it)
[0.958s] Copying ../../build/pure_pursuit_pkg/pure_pursuit_pkg.egg-info to /home/mjdolan03/pure_pursuit_ws/install/pure_pursuit_pkg/lib/python3.8/site-packages/pure_pursuit_pkg-0.0.0-py3.8.egg-info
[0.959s] running install_scripts
[0.977s] Installing pure_pursuit script to /home/mjdolan03/pure_pursuit_ws/install/pure_pursuit_pkg/lib/pure_pursuit_pkg
[0.977s] writing list of installed files to '/home/mjdolan03/pure_pursuit_ws/build/pure_pursuit_pkg/install.log'
[0.996s] Invoked command in '/home/mjdolan03/pure_pursuit_ws/src/pure_pursuit_pkg' returned '0': PYTHONPATH=/home/mjdolan03/pure_pursuit_ws/build/pure_pursuit_pkg/prefix_override:/usr/lib/python3/dist-packages/colcon_core/task/python/colcon_distutils_commands:/home/mjdolan03/pure_pursuit_ws/install/pure_pursuit_pkg/lib/python3.8/site-packages:${PYTHONPATH} /usr/bin/python3 -W ignore:setup.py install is deprecated setup.py egg_info --egg-base ../../build/pure_pursuit_pkg build --build-base /home/mjdolan03/pure_pursuit_ws/build/pure_pursuit_pkg/build install --record /home/mjdolan03/pure_pursuit_ws/build/pure_pursuit_pkg/install.log --install-scripts $base/lib/pure_pursuit_pkg --single-version-externally-managed install_data
