[0.755s] Invoking command in '/home/mjdolan03/pure_pursuit_ws/src/pure_pursuit_pkg': PYTHONPATH=/home/mjdolan03/pure_pursuit_ws/build/pure_pursuit_pkg/prefix_override:/usr/lib/python3/dist-packages/colcon_core/task/python/colcon_distutils_commands:/home/mjdolan03/pure_pursuit_ws/install/pure_pursuit_pkg/lib/python3.8/site-packages:${PYTHONPATH} /usr/bin/python3 -W ignore:setup.py install is deprecated setup.py egg_info --egg-base ../../build/pure_pursuit_pkg build --build-base /home/mjdolan03/pure_pursuit_ws/build/pure_pursuit_pkg/build install --record /home/mjdolan03/pure_pursuit_ws/build/pure_pursuit_pkg/install.log --install-scripts $base/lib/pure_pursuit_pkg --single-version-externally-managed install_data
[0.948s] running egg_info
[0.948s] writing ../../build/pure_pursuit_pkg/pure_pursuit_pkg.egg-info/PKG-INFO
[0.948s] writing dependency_links to ../../build/pure_pursuit_pkg/pure_pursuit_pkg.egg-info/dependency_links.txt
[0.949s] writing entry points to ../../build/pure_pursuit_pkg/pure_pursuit_pkg.egg-info/entry_points.txt
[0.949s] writing requirements to ../../build/pure_pursuit_pkg/pure_pursuit_pkg.egg-info/requires.txt
[0.950s] writing top-level names to ../../build/pure_pursuit_pkg/pure_pursuit_pkg.egg-info/top_level.txt
[0.981s] reading manifest file '../../build/pure_pursuit_pkg/pure_pursuit_pkg.egg-info/SOURCES.txt'
[0.981s] writing manifest file '../../build/pure_pursuit_pkg/pure_pursuit_pkg.egg-info/SOURCES.txt'
[0.982s] running build
[0.982s] running build_py
[0.982s] copying pure_pursuit_pkg/pure_pursuit.py -> /home/mjdolan03/pure_pursuit_ws/build/pure_pursuit_pkg/build/lib/pure_pursuit_pkg
[0.982s] running install
[0.983s] running install_lib
[0.984s] copying /home/mjdolan03/pure_pursuit_ws/build/pure_pursuit_pkg/build/lib/pure_pursuit_pkg/pure_pursuit.py -> /home/mjdolan03/pure_pursuit_ws/install/pure_pursuit_pkg/lib/python3.8/site-packages/pure_pursuit_pkg
[0.985s] byte-compiling /home/mjdolan03/pure_pursuit_ws/install/pure_pursuit_pkg/lib/python3.8/site-packages/pure_pursuit_pkg/pure_pursuit.py to pure_pursuit.cpython-38.pyc
[0.987s] running install_data
[0.987s] running install_egg_info
[0.991s] removing '/home/mjdolan03/pure_pursuit_ws/install/pure_pursuit_pkg/lib/python3.8/site-packages/pure_pursuit_pkg-0.0.0-py3.8.egg-info' (and everything under it)
[0.991s] Copying ../../build/pure_pursuit_pkg/pure_pursuit_pkg.egg-info to /home/mjdolan03/pure_pursuit_ws/install/pure_pursuit_pkg/lib/python3.8/site-packages/pure_pursuit_pkg-0.0.0-py3.8.egg-info
[0.991s] running install_scripts
[1.005s] Installing pure_pursuit script to /home/mjdolan03/pure_pursuit_ws/install/pure_pursuit_pkg/lib/pure_pursuit_pkg
[1.005s] writing list of installed files to '/home/mjdolan03/pure_pursuit_ws/build/pure_pursuit_pkg/install.log'
[1.023s] Invoked command in '/home/mjdolan03/pure_pursuit_ws/src/pure_pursuit_pkg' returned '0': PYTHONPATH=/home/mjdolan03/pure_pursuit_ws/build/pure_pursuit_pkg/prefix_override:/usr/lib/python3/dist-packages/colcon_core/task/python/colcon_distutils_commands:/home/mjdolan03/pure_pursuit_ws/install/pure_pursuit_pkg/lib/python3.8/site-packages:${PYTHONPATH} /usr/bin/python3 -W ignore:setup.py install is deprecated setup.py egg_info --egg-base ../../build/pure_pursuit_pkg build --build-base /home/mjdolan03/pure_pursuit_ws/build/pure_pursuit_pkg/build install --record /home/mjdolan03/pure_pursuit_ws/build/pure_pursuit_pkg/install.log --install-scripts $base/lib/pure_pursuit_pkg --single-version-externally-managed install_data
